<?xml version="1.0" encoding="UTF-8"?>
<!-- Generated by org.testng.reporters.JUnitXMLReporter -->
<testsuite hostname="shamim-chowdhurys-macbook-pro.local" name=" Chase Bank Home Page " tests="1" failures="1" timestamp="17 May 2015 05:29:22 GMT" time="30.984" errors="0">
  <testcase name="homePage" time="0.203" classname="bank.chase.ChaseHome">
    <failure type="org.openqa.selenium.NoSuchWindowException" message="Window not found. The browser window may have been closed.
Command duration or timeout: 190 milliseconds
Build info: version: &amp;apos;2.45.0&amp;apos;, revision: &amp;apos;5017cb8e7ca8e37638dc3091b2440b90a1d8686f&amp;apos;, time: &amp;apos;2015-02-27 09:10:26&amp;apos;
System info: host: &amp;apos;shamim-chowdhurys-macbook-pro.local&amp;apos;, ip: &amp;apos;192.168.1.118&amp;apos;, os.name: &amp;apos;Mac OS X&amp;apos;, os.arch: &amp;apos;x86_64&amp;apos;, os.version: &amp;apos;10.10.3&amp;apos;, java.version: &amp;apos;1.8.0_25&amp;apos;
Driver info: org.openqa.selenium.firefox.FirefoxDriver
Capabilities [{applicationCacheEnabled=true, rotatable=false, handlesAlerts=true, databaseEnabled=true, version=37.0.2, platform=MAC, nativeEvents=false, acceptSslCerts=true, webStorageEnabled=true, locationContextEnabled=true, browserName=firefox, takesScreenshot=true, javascriptEnabled=true, cssSelectorsEnabled=true}]
Session ID: bb76c57f-f8fa-004d-ba49-b16b8e3fea65
*** Element info: {Using=xpath, value=.//*[@id=&amp;apos;nav-header&amp;apos;]/nav/div/div[4]/ul/li[1]/div/ul/li[3]/a}">
      <![CDATA[org.openqa.selenium.NoSuchWindowException: Window not found. The browser window may have been closed.
Command duration or timeout: 190 milliseconds
Build info: version: '2.45.0', revision: '5017cb8e7ca8e37638dc3091b2440b90a1d8686f', time: '2015-02-27 09:10:26'
System info: host: 'shamim-chowdhurys-macbook-pro.local', ip: '192.168.1.118', os.name: 'Mac OS X', os.arch: 'x86_64', os.version: '10.10.3', java.version: '1.8.0_25'
Driver info: org.openqa.selenium.firefox.FirefoxDriver
Capabilities [{applicationCacheEnabled=true, rotatable=false, handlesAlerts=true, databaseEnabled=true, version=37.0.2, platform=MAC, nativeEvents=false, acceptSslCerts=true, webStorageEnabled=true, locationContextEnabled=true, browserName=firefox, takesScreenshot=true, javascriptEnabled=true, cssSelectorsEnabled=true}]
Session ID: bb76c57f-f8fa-004d-ba49-b16b8e3fea65
*** Element info: {Using=xpath, value=.//*[@id='nav-header']/nav/div/div[4]/ul/li[1]/div/ul/li[3]/a}
	at org.openqa.selenium.remote.ErrorHandler.createThrowable(ErrorHandler.java:204)
	at org.openqa.selenium.remote.ErrorHandler.throwIfResponseFailed(ErrorHandler.java:156)
	at org.openqa.selenium.remote.RemoteWebDriver.execute(RemoteWebDriver.java:599)
	at org.openqa.selenium.remote.RemoteWebDriver.findElement(RemoteWebDriver.java:352)
	at org.openqa.selenium.remote.RemoteWebDriver.findElementByXPath(RemoteWebDriver.java:449)
	at org.openqa.selenium.By$ByXPath.findElement(By.java:357)
	at org.openqa.selenium.remote.RemoteWebDriver.findElement(RemoteWebDriver.java:344)
	at bank.chase.ChaseHome.homePage(ChaseHome.java:14)
Caused by: org.openqa.selenium.NoSuchWindowException: Window not found. The browser window may have been closed.
Build info: version: '2.45.0', revision: '5017cb8e7ca8e37638dc3091b2440b90a1d8686f', time: '2015-02-27 09:10:26'
System info: host: 'shamim-chowdhurys-macbook-pro.local', ip: '192.168.1.118', os.name: 'Mac OS X', os.arch: 'x86_64', os.version: '10.10.3', java.version: '1.8.0_25'
Driver info: driver.version: unknown
	at <anonymous class>.nsCommandProcessor.prototype.execute(file:///var/folders/ng/y_0n15b1413f79tzdf1kq9mh0000gn/T/anonymous9093576267781904669webdriver-profile/extensions/fxdriver@googlecode.com/components/command-processor.js:12343)
	at <anonymous class>.Dispatcher.executeAs/<(file:///var/folders/ng/y_0n15b1413f79tzdf1kq9mh0000gn/T/anonymous9093576267781904669webdriver-profile/extensions/fxdriver@googlecode.com/components/driver-component.js:9061)
	at <anonymous class>.Resource.prototype.handle(file:///var/folders/ng/y_0n15b1413f79tzdf1kq9mh0000gn/T/anonymous9093576267781904669webdriver-profile/extensions/fxdriver@googlecode.com/components/driver-component.js:9208)
	at <anonymous class>.Dispatcher.prototype.dispatch(file:///var/folders/ng/y_0n15b1413f79tzdf1kq9mh0000gn/T/anonymous9093576267781904669webdriver-profile/extensions/fxdriver@googlecode.com/components/driver-component.js:9155)
	at <anonymous class>.WebDriverServer/<.handle(file:///var/folders/ng/y_0n15b1413f79tzdf1kq9mh0000gn/T/anonymous9093576267781904669webdriver-profile/extensions/fxdriver@googlecode.com/components/driver-component.js:12128)
	at <anonymous class>.createHandlerFunc/<(file:///var/folders/ng/y_0n15b1413f79tzdf1kq9mh0000gn/T/anonymous9093576267781904669webdriver-profile/extensions/fxdriver@googlecode.com/components/httpd.js:2058)
	at <anonymous class>.ServerHandler.prototype.handleResponse(file:///var/folders/ng/y_0n15b1413f79tzdf1kq9mh0000gn/T/anonymous9093576267781904669webdriver-profile/extensions/fxdriver@googlecode.com/components/httpd.js:2391)
	at <anonymous class>.Connection.prototype.process(file:///var/folders/ng/y_0n15b1413f79tzdf1kq9mh0000gn/T/anonymous9093576267781904669webdriver-profile/extensions/fxdriver@googlecode.com/components/httpd.js:1227)
	at <anonymous class>.RequestReader.prototype._handleResponse(file:///var/folders/ng/y_0n15b1413f79tzdf1kq9mh0000gn/T/anonymous9093576267781904669webdriver-profile/extensions/fxdriver@googlecode.com/components/httpd.js:1681)
	at <anonymous class>.RequestReader.prototype._processBody(file:///var/folders/ng/y_0n15b1413f79tzdf1kq9mh0000gn/T/anonymous9093576267781904669webdriver-profile/extensions/fxdriver@googlecode.com/components/httpd.js:1529)
	at <anonymous class>.RequestReader.prototype.onInputStreamReady(file:///var/folders/ng/y_0n15b1413f79tzdf1kq9mh0000gn/T/anonymous9093576267781904669webdriver-profile/extensions/fxdriver@googlecode.com/components/httpd.js:1397)
... Removed 31 stack frames]]>
    </failure>
  </testcase> <!-- homePage -->
</testsuite> <!--  Chase Bank Home Page  -->
